CRITICAL - 2021-06-06 12:25:17 --> Trying to access array offset on value of type null
#0 E:\xampp\htdocs\ci4app\app\Views\hfgleaders\detail.php(11): CodeIgniter\Debug\Exceptions->errorHandler(2, 'Trying to acces...', 'E:\\xampp\\htdocs...', 11)
#1 E:\xampp\htdocs\ci4app\vendor\codeigniter4\framework\system\View\View.php(230): include('E:\\xampp\\htdocs...')
#2 E:\xampp\htdocs\ci4app\vendor\codeigniter4\framework\system\View\View.php(232): CodeIgniter\View\View->CodeIgniter\View\{closure}()
#3 E:\xampp\htdocs\ci4app\vendor\codeigniter4\framework\system\Common.php(1250): CodeIgniter\View\View->render('hfgleaders/deta...', Array, true)
#4 E:\xampp\htdocs\ci4app\app\Controllers\Hfgleaders.php(33): view('hfgleaders/deta...', Array)
#5 E:\xampp\htdocs\ci4app\vendor\codeigniter4\framework\system\CodeIgniter.php(931): App\Controllers\Hfgleaders->detail('create')
#6 E:\xampp\htdocs\ci4app\vendor\codeigniter4\framework\system\CodeIgniter.php(439): CodeIgniter\CodeIgniter->runController(Object(App\Controllers\Hfgleaders))
#7 E:\xampp\htdocs\ci4app\vendor\codeigniter4\framework\system\CodeIgniter.php(339): CodeIgniter\CodeIgniter->handleRequest(NULL, Object(Config\Cache), false)
#8 E:\xampp\htdocs\ci4app\public\index.php(36): CodeIgniter\CodeIgniter->run()
#9 E:\xampp\htdocs\ci4app\vendor\codeigniter4\framework\system\Commands\Server\rewrite.php(45): require_once('E:\\xampp\\htdocs...')
#10 {main}
CRITICAL - 2021-06-06 12:25:38 --> Trying to access array offset on value of type null
#0 E:\xampp\htdocs\ci4app\app\Views\hfgleaders\detail.php(11): CodeIgniter\Debug\Exceptions->errorHandler(2, 'Trying to acces...', 'E:\\xampp\\htdocs...', 11)
#1 E:\xampp\htdocs\ci4app\vendor\codeigniter4\framework\system\View\View.php(230): include('E:\\xampp\\htdocs...')
#2 E:\xampp\htdocs\ci4app\vendor\codeigniter4\framework\system\View\View.php(232): CodeIgniter\View\View->CodeIgniter\View\{closure}()
#3 E:\xampp\htdocs\ci4app\vendor\codeigniter4\framework\system\Common.php(1250): CodeIgniter\View\View->render('hfgleaders/deta...', Array, true)
#4 E:\xampp\htdocs\ci4app\app\Controllers\Hfgleaders.php(33): view('hfgleaders/deta...', Array)
#5 E:\xampp\htdocs\ci4app\vendor\codeigniter4\framework\system\CodeIgniter.php(931): App\Controllers\Hfgleaders->detail('create')
#6 E:\xampp\htdocs\ci4app\vendor\codeigniter4\framework\system\CodeIgniter.php(439): CodeIgniter\CodeIgniter->runController(Object(App\Controllers\Hfgleaders))
#7 E:\xampp\htdocs\ci4app\vendor\codeigniter4\framework\system\CodeIgniter.php(339): CodeIgniter\CodeIgniter->handleRequest(NULL, Object(Config\Cache), false)
#8 E:\xampp\htdocs\ci4app\public\index.php(36): CodeIgniter\CodeIgniter->run()
#9 E:\xampp\htdocs\ci4app\vendor\codeigniter4\framework\system\Commands\Server\rewrite.php(45): require_once('E:\\xampp\\htdocs...')
#10 {main}
CRITICAL - 2021-06-06 12:25:45 --> Trying to access array offset on value of type null
#0 E:\xampp\htdocs\ci4app\app\Views\hfgleaders\detail.php(11): CodeIgniter\Debug\Exceptions->errorHandler(2, 'Trying to acces...', 'E:\\xampp\\htdocs...', 11)
#1 E:\xampp\htdocs\ci4app\vendor\codeigniter4\framework\system\View\View.php(230): include('E:\\xampp\\htdocs...')
#2 E:\xampp\htdocs\ci4app\vendor\codeigniter4\framework\system\View\View.php(232): CodeIgniter\View\View->CodeIgniter\View\{closure}()
#3 E:\xampp\htdocs\ci4app\vendor\codeigniter4\framework\system\Common.php(1250): CodeIgniter\View\View->render('hfgleaders/deta...', Array, true)
#4 E:\xampp\htdocs\ci4app\app\Controllers\Hfgleaders.php(33): view('hfgleaders/deta...', Array)
#5 E:\xampp\htdocs\ci4app\vendor\codeigniter4\framework\system\CodeIgniter.php(931): App\Controllers\Hfgleaders->detail('create')
#6 E:\xampp\htdocs\ci4app\vendor\codeigniter4\framework\system\CodeIgniter.php(439): CodeIgniter\CodeIgniter->runController(Object(App\Controllers\Hfgleaders))
#7 E:\xampp\htdocs\ci4app\vendor\codeigniter4\framework\system\CodeIgniter.php(339): CodeIgniter\CodeIgniter->handleRequest(NULL, Object(Config\Cache), false)
#8 E:\xampp\htdocs\ci4app\public\index.php(36): CodeIgniter\CodeIgniter->run()
#9 E:\xampp\htdocs\ci4app\vendor\codeigniter4\framework\system\Commands\Server\rewrite.php(45): require_once('E:\\xampp\\htdocs...')
#10 {main}
CRITICAL - 2021-06-06 12:27:39 --> Trying to access array offset on value of type null
#0 E:\xampp\htdocs\ci4app\app\Views\hfgleaders\detail.php(11): CodeIgniter\Debug\Exceptions->errorHandler(2, 'Trying to acces...', 'E:\\xampp\\htdocs...', 11)
#1 E:\xampp\htdocs\ci4app\vendor\codeigniter4\framework\system\View\View.php(230): include('E:\\xampp\\htdocs...')
#2 E:\xampp\htdocs\ci4app\vendor\codeigniter4\framework\system\View\View.php(232): CodeIgniter\View\View->CodeIgniter\View\{closure}()
#3 E:\xampp\htdocs\ci4app\vendor\codeigniter4\framework\system\Common.php(1250): CodeIgniter\View\View->render('hfgleaders/deta...', Array, true)
#4 E:\xampp\htdocs\ci4app\app\Controllers\Hfgleaders.php(33): view('hfgleaders/deta...', Array)
#5 E:\xampp\htdocs\ci4app\vendor\codeigniter4\framework\system\CodeIgniter.php(931): App\Controllers\Hfgleaders->detail('create')
#6 E:\xampp\htdocs\ci4app\vendor\codeigniter4\framework\system\CodeIgniter.php(439): CodeIgniter\CodeIgniter->runController(Object(App\Controllers\Hfgleaders))
#7 E:\xampp\htdocs\ci4app\vendor\codeigniter4\framework\system\CodeIgniter.php(339): CodeIgniter\CodeIgniter->handleRequest(NULL, Object(Config\Cache), false)
#8 E:\xampp\htdocs\ci4app\public\index.php(36): CodeIgniter\CodeIgniter->run()
#9 E:\xampp\htdocs\ci4app\vendor\codeigniter4\framework\system\Commands\Server\rewrite.php(45): require_once('E:\\xampp\\htdocs...')
#10 {main}
CRITICAL - 2021-06-06 12:29:35 --> Trying to access array offset on value of type null
#0 E:\xampp\htdocs\ci4app\app\Views\hfgleaders\detail.php(11): CodeIgniter\Debug\Exceptions->errorHandler(2, 'Trying to acces...', 'E:\\xampp\\htdocs...', 11)
#1 E:\xampp\htdocs\ci4app\vendor\codeigniter4\framework\system\View\View.php(230): include('E:\\xampp\\htdocs...')
#2 E:\xampp\htdocs\ci4app\vendor\codeigniter4\framework\system\View\View.php(232): CodeIgniter\View\View->CodeIgniter\View\{closure}()
#3 E:\xampp\htdocs\ci4app\vendor\codeigniter4\framework\system\Common.php(1250): CodeIgniter\View\View->render('hfgleaders/deta...', Array, true)
#4 E:\xampp\htdocs\ci4app\app\Controllers\Hfgleaders.php(33): view('hfgleaders/deta...', Array)
#5 E:\xampp\htdocs\ci4app\vendor\codeigniter4\framework\system\CodeIgniter.php(931): App\Controllers\Hfgleaders->detail('create')
#6 E:\xampp\htdocs\ci4app\vendor\codeigniter4\framework\system\CodeIgniter.php(439): CodeIgniter\CodeIgniter->runController(Object(App\Controllers\Hfgleaders))
#7 E:\xampp\htdocs\ci4app\vendor\codeigniter4\framework\system\CodeIgniter.php(339): CodeIgniter\CodeIgniter->handleRequest(NULL, Object(Config\Cache), false)
#8 E:\xampp\htdocs\ci4app\public\index.php(36): CodeIgniter\CodeIgniter->run()
#9 E:\xampp\htdocs\ci4app\vendor\codeigniter4\framework\system\Commands\Server\rewrite.php(45): require_once('E:\\xampp\\htdocs...')
#10 {main}
ERROR - 2021-06-06 13:14:05 --> Column 'division' cannot be null
CRITICAL - 2021-06-06 13:14:05 --> Column 'division' cannot be null
#0 E:\xampp\htdocs\ci4app\vendor\codeigniter4\framework\system\Database\MySQLi\Connection.php(329): mysqli->query('INSERT INTO `hf...')
#1 E:\xampp\htdocs\ci4app\vendor\codeigniter4\framework\system\Database\BaseConnection.php(732): CodeIgniter\Database\MySQLi\Connection->execute('INSERT INTO `hf...')
#2 E:\xampp\htdocs\ci4app\vendor\codeigniter4\framework\system\Database\BaseConnection.php(647): CodeIgniter\Database\BaseConnection->simpleQuery('INSERT INTO `hf...')
#3 E:\xampp\htdocs\ci4app\vendor\codeigniter4\framework\system\Database\BaseBuilder.php(2277): CodeIgniter\Database\BaseConnection->query('INSERT INTO `hf...', Array, false)
#4 E:\xampp\htdocs\ci4app\vendor\codeigniter4\framework\system\Model.php(259): CodeIgniter\Database\BaseBuilder->insert()
#5 E:\xampp\htdocs\ci4app\vendor\codeigniter4\framework\system\BaseModel.php(774): CodeIgniter\Model->doInsert(Array)
#6 E:\xampp\htdocs\ci4app\vendor\codeigniter4\framework\system\Model.php(686): CodeIgniter\BaseModel->insert(Array, false)
#7 E:\xampp\htdocs\ci4app\vendor\codeigniter4\framework\system\BaseModel.php(687): CodeIgniter\Model->insert(Array, false)
#8 E:\xampp\htdocs\ci4app\app\Controllers\Hfgleaders.php(61): CodeIgniter\BaseModel->save(Array)
#9 E:\xampp\htdocs\ci4app\vendor\codeigniter4\framework\system\CodeIgniter.php(931): App\Controllers\Hfgleaders->save()
#10 E:\xampp\htdocs\ci4app\vendor\codeigniter4\framework\system\CodeIgniter.php(439): CodeIgniter\CodeIgniter->runController(Object(App\Controllers\Hfgleaders))
#11 E:\xampp\htdocs\ci4app\vendor\codeigniter4\framework\system\CodeIgniter.php(339): CodeIgniter\CodeIgniter->handleRequest(NULL, Object(Config\Cache), false)
#12 E:\xampp\htdocs\ci4app\public\index.php(36): CodeIgniter\CodeIgniter->run()
#13 E:\xampp\htdocs\ci4app\vendor\codeigniter4\framework\system\Commands\Server\rewrite.php(45): require_once('E:\\xampp\\htdocs...')
#14 {main}
CRITICAL - 2021-06-06 15:19:48 --> Too few arguments to function App\Controllers\Hfgleaders::edit(), 0 passed in E:\xampp\htdocs\ci4app\vendor\codeigniter4\framework\system\CodeIgniter.php on line 931 and exactly 1 expected
#0 E:\xampp\htdocs\ci4app\vendor\codeigniter4\framework\system\CodeIgniter.php(931): App\Controllers\Hfgleaders->edit()
#1 E:\xampp\htdocs\ci4app\vendor\codeigniter4\framework\system\CodeIgniter.php(439): CodeIgniter\CodeIgniter->runController(Object(App\Controllers\Hfgleaders))
#2 E:\xampp\htdocs\ci4app\vendor\codeigniter4\framework\system\CodeIgniter.php(339): CodeIgniter\CodeIgniter->handleRequest(NULL, Object(Config\Cache), false)
#3 E:\xampp\htdocs\ci4app\public\index.php(36): CodeIgniter\CodeIgniter->run()
#4 E:\xampp\htdocs\ci4app\vendor\codeigniter4\framework\system\Commands\Server\rewrite.php(45): require_once('E:\\xampp\\htdocs...')
#5 {main}
CRITICAL - 2021-06-06 15:22:12 --> Array callback must have exactly two elements
#0 E:\xampp\htdocs\ci4app\vendor\codeigniter4\framework\system\View\View.php(230): include()
#1 E:\xampp\htdocs\ci4app\vendor\codeigniter4\framework\system\View\View.php(232): CodeIgniter\View\View->CodeIgniter\View\{closure}()
#2 E:\xampp\htdocs\ci4app\vendor\codeigniter4\framework\system\Common.php(1250): CodeIgniter\View\View->render('hfgleaders/edit', Array, true)
#3 E:\xampp\htdocs\ci4app\app\Controllers\Hfgleaders.php(125): view('hfgleaders/edit', Array)
#4 E:\xampp\htdocs\ci4app\vendor\codeigniter4\framework\system\CodeIgniter.php(931): App\Controllers\Hfgleaders->edit('angelina-tjoe')
#5 E:\xampp\htdocs\ci4app\vendor\codeigniter4\framework\system\CodeIgniter.php(439): CodeIgniter\CodeIgniter->runController(Object(App\Controllers\Hfgleaders))
#6 E:\xampp\htdocs\ci4app\vendor\codeigniter4\framework\system\CodeIgniter.php(339): CodeIgniter\CodeIgniter->handleRequest(NULL, Object(Config\Cache), false)
#7 E:\xampp\htdocs\ci4app\public\index.php(36): CodeIgniter\CodeIgniter->run()
#8 E:\xampp\htdocs\ci4app\vendor\codeigniter4\framework\system\Commands\Server\rewrite.php(45): require_once('E:\\xampp\\htdocs...')
#9 {main}
CRITICAL - 2021-06-06 15:23:49 --> Array callback must have exactly two elements
#0 E:\xampp\htdocs\ci4app\vendor\codeigniter4\framework\system\View\View.php(230): include()
#1 E:\xampp\htdocs\ci4app\vendor\codeigniter4\framework\system\View\View.php(232): CodeIgniter\View\View->CodeIgniter\View\{closure}()
#2 E:\xampp\htdocs\ci4app\vendor\codeigniter4\framework\system\Common.php(1250): CodeIgniter\View\View->render('hfgleaders/edit', Array, true)
#3 E:\xampp\htdocs\ci4app\app\Controllers\Hfgleaders.php(125): view('hfgleaders/edit', Array)
#4 E:\xampp\htdocs\ci4app\vendor\codeigniter4\framework\system\CodeIgniter.php(931): App\Controllers\Hfgleaders->edit('karunia-leo-gul...')
#5 E:\xampp\htdocs\ci4app\vendor\codeigniter4\framework\system\CodeIgniter.php(439): CodeIgniter\CodeIgniter->runController(Object(App\Controllers\Hfgleaders))
#6 E:\xampp\htdocs\ci4app\vendor\codeigniter4\framework\system\CodeIgniter.php(339): CodeIgniter\CodeIgniter->handleRequest(NULL, Object(Config\Cache), false)
#7 E:\xampp\htdocs\ci4app\public\index.php(36): CodeIgniter\CodeIgniter->run()
#8 E:\xampp\htdocs\ci4app\vendor\codeigniter4\framework\system\Commands\Server\rewrite.php(45): require_once('E:\\xampp\\htdocs...')
#9 {main}
CRITICAL - 2021-06-06 15:25:47 --> Array callback must have exactly two elements
#0 E:\xampp\htdocs\ci4app\vendor\codeigniter4\framework\system\View\View.php(230): include()
#1 E:\xampp\htdocs\ci4app\vendor\codeigniter4\framework\system\View\View.php(232): CodeIgniter\View\View->CodeIgniter\View\{closure}()
#2 E:\xampp\htdocs\ci4app\vendor\codeigniter4\framework\system\Common.php(1250): CodeIgniter\View\View->render('hfgleaders/edit', Array, true)
#3 E:\xampp\htdocs\ci4app\app\Controllers\Hfgleaders.php(125): view('hfgleaders/edit', Array)
#4 E:\xampp\htdocs\ci4app\vendor\codeigniter4\framework\system\CodeIgniter.php(931): App\Controllers\Hfgleaders->edit('karunia-leo-gul...')
#5 E:\xampp\htdocs\ci4app\vendor\codeigniter4\framework\system\CodeIgniter.php(439): CodeIgniter\CodeIgniter->runController(Object(App\Controllers\Hfgleaders))
#6 E:\xampp\htdocs\ci4app\vendor\codeigniter4\framework\system\CodeIgniter.php(339): CodeIgniter\CodeIgniter->handleRequest(NULL, Object(Config\Cache), false)
#7 E:\xampp\htdocs\ci4app\public\index.php(36): CodeIgniter\CodeIgniter->run()
#8 E:\xampp\htdocs\ci4app\vendor\codeigniter4\framework\system\Commands\Server\rewrite.php(45): require_once('E:\\xampp\\htdocs...')
#9 {main}
CRITICAL - 2021-06-06 15:46:56 --> Undefined array key "name"
#0 E:\xampp\htdocs\ci4app\app\Controllers\Hfgleaders.php(131): CodeIgniter\Debug\Exceptions->errorHandler(2, 'Undefined array...', 'E:\\xampp\\htdocs...', 131)
#1 E:\xampp\htdocs\ci4app\vendor\codeigniter4\framework\system\CodeIgniter.php(931): App\Controllers\Hfgleaders->update('1')
#2 E:\xampp\htdocs\ci4app\vendor\codeigniter4\framework\system\CodeIgniter.php(439): CodeIgniter\CodeIgniter->runController(Object(App\Controllers\Hfgleaders))
#3 E:\xampp\htdocs\ci4app\vendor\codeigniter4\framework\system\CodeIgniter.php(339): CodeIgniter\CodeIgniter->handleRequest(NULL, Object(Config\Cache), false)
#4 E:\xampp\htdocs\ci4app\public\index.php(36): CodeIgniter\CodeIgniter->run()
#5 E:\xampp\htdocs\ci4app\vendor\codeigniter4\framework\system\Commands\Server\rewrite.php(45): require_once('E:\\xampp\\htdocs...')
#6 {main}
